Added Component: Designator=IC1(ESP32WROOM32)
Add component (AddParameter): Name = "Arrow Part Number"; Value = ""; VariantName = "[No Variations]"
Add component (AddParameter): Name = "Arrow Price/Stock"; Value = ""; VariantName = "[No Variations]"
Add component (AddParameter): Name = "Datasheet Link"; Value = "https://www.espressif.com/sites/default/files/documentation/esp32-wroom-32_datasheet_en.pdf"; VariantName = "[No Variations]"
Add component (AddParameter): Name = "Height"; Value = "3.2mm"; VariantName = "[No Variations]"
Add component (AddParameter): Name = "Manufacturer_Name"; Value = "Espressif Systems"; VariantName = "[No Variations]"
Add component (AddParameter): Name = "Manufacturer_Part_Number"; Value = "ESP32 WROOM32"; VariantName = "[No Variations]"
Add component (AddParameter): Name = "Mouser Part Number"; Value = ""; VariantName = "[No Variations]"
Add component (AddParameter): Name = "Mouser Price/Stock"; Value = ""; VariantName = "[No Variations]"
Added Pin To Net: NetName=GND Pin=IC1-1
Added Pin To Net: NetName=3V3 Pin=IC1-2
Added Pin To Net: NetName=EN Pin=IC1-3
Added Pin To Net: NetName=IO34 Pin=IC1-6
Added Pin To Net: NetName=Battery lvl Pin=IC1-7
Added Pin To Net: NetName=encoder A1 Pin=IC1-8
Added Pin To Net: NetName=encoder B1 Pin=IC1-9
Added Pin To Net: NetName=encoder A2 Pin=IC1-10
Added Pin To Net: NetName=encoder B2 Pin=IC1-11
Added Pin To Net: NetName=encoder S1 Pin=IC1-12
Added Pin To Net: NetName=col 1 Pin=IC1-13
Added Pin To Net: NetName=row 3 Pin=IC1-14
Added Pin To Net: NetName=GND Pin=IC1-15
Added Pin To Net: NetName=col 0 Pin=IC1-16
Added Pin To Net: NetName=col 2 Pin=IC1-23
Added Pin To Net: NetName=IO2 Pin=IC1-24
Added Pin To Net: NetName=row 0 Pin=IC1-25
Added Pin To Net: NetName=row 1 Pin=IC1-26
Added Pin To Net: NetName=col 3 Pin=IC1-27
Added Pin To Net: NetName=LEDS Pin=IC1-28
Added Pin To Net: NetName=row 2 Pin=IC1-29
Added Pin To Net: NetName=IO18 Pin=IC1-30
Added Pin To Net: NetName=IO19 Pin=IC1-31
Added Pin To Net: NetName=SDA Pin=IC1-33
Added Pin To Net: NetName=TX Pin=IC1-34
Added Pin To Net: NetName=RX Pin=IC1-35
Added Pin To Net: NetName=SCL Pin=IC1-36
Added Pin To Net: NetName=IO23 Pin=IC1-37
Added Pin To Net: NetName=GND Pin=IC1-38
Added Pin To Net: NetName=GND Pin=IC1-39
Added Pin To Net: NetName=GND Pin=IC1-40
Added Pin To Net: NetName=GND Pin=IC1-41
Added Pin To Net: NetName=GND Pin=IC1-42
Added Pin To Net: NetName=GND Pin=IC1-43
Added Pin To Net: NetName=GND Pin=IC1-44
Added Pin To Net: NetName=GND Pin=IC1-45
Added Pin To Net: NetName=GND Pin=IC1-46
Added Pin To Net: NetName=GND Pin=IC1-47
Added Member To Class: ClassName=Main Member=Component IC1 ESP32_WROOM32
