Added Component: Designator=C5(C0805_N)
Add component (AddParameter): Name = "Value"; Value = "10uF"; VariantName = "[No Variations]"
Added Component: Designator=C6(C1206_M)
Add component (AddParameter): Name = "Value"; Value = "22uF/10V"; VariantName = "[No Variations]"
Added Component: Designator=C7(C_TANT_A_3216_N)
Add component (AddParameter): Name = "Value"; Value = "100uF"; VariantName = "[No Variations]"
Added Component: Designator=C8(C_TANT_A_3216_N)
Add component (AddParameter): Name = "Value"; Value = "10uF"; VariantName = "[No Variations]"
Added Component: Designator=C9(C0805_L)
Add component (AddParameter): Name = "Value"; Value = "470pF"; VariantName = "[No Variations]"
Added Component: Designator=C10(C1206_L)
Add component (AddParameter): Name = "Value"; Value = "2.2uF"; VariantName = "[No Variations]"
Added Component: Designator=C11(C1206_L)
Add component (AddParameter): Name = "Value"; Value = "22uF"; VariantName = "[No Variations]"
Added Component: Designator=D5(D0603_L)
Add component (AddParameter): Name = "Color"; Value = "Yellow"; VariantName = "[No Variations]"
Added Component: Designator=D6(SOD3716X135N)
Add component (AddParameter): Name = "Arrow Part Number"; Value = "MBR130T3G"; VariantName = "[No Variations]"
Add component (AddParameter): Name = "Arrow Price/Stock"; Value = "https://www.arrow.com/en/products/mbr130t3g/on-semiconductor?region=nac"; VariantName = "[No Variations]"
Add component (AddParameter): Name = "Datasheet Link"; Value = "http://www.onsemi.com/pub/Collateral/MBR130T1-D.PDF"; VariantName = "[No Variations]"
Add component (AddParameter): Name = "Height"; Value = "1.35mm"; VariantName = "[No Variations]"
Add component (AddParameter): Name = "Manufacturer_Name"; Value = "ON Semiconductor"; VariantName = "[No Variations]"
Add component (AddParameter): Name = "Manufacturer_Part_Number"; Value = "MBR130T3G"; VariantName = "[No Variations]"
Add component (AddParameter): Name = "Mouser Part Number"; Value = "863-MBR130T3G"; VariantName = "[No Variations]"
Add component (AddParameter): Name = "Mouser Price/Stock"; Value = "https://www.mouser.co.uk/ProductDetail/ON-Semiconductor/MBR130T3G?qs=3JMERSakeboBlzSl4dGpZQ%3D%3D"; VariantName = "[No Variations]"
Added Component: Designator=IC2(SOP50P490X110-10N)
Add component (AddParameter): Name = "Datasheet Link"; Value = "http://ww1.microchip.com/downloads/en/DeviceDoc/22005a.pdf"; VariantName = "[No Variations]"
Add component (AddParameter): Name = "Height"; Value = "1.1mm"; VariantName = "[No Variations]"
Add component (AddParameter): Name = "Manufacturer_Name"; Value = "Microchip"; VariantName = "[No Variations]"
Add component (AddParameter): Name = "Manufacturer_Part_Number"; Value = "MCP73833-BZI/UN"; VariantName = "[No Variations]"
Add component (AddParameter): Name = "Mouser Part Number"; Value = "579-MCP73833-BZI/UN"; VariantName = "[No Variations]"
Add component (AddParameter): Name = "Mouser Price/Stock"; Value = "https://www.mouser.com/Search/Refine.aspx?Keyword=579-MCP73833-BZI%2FUN"; VariantName = "[No Variations]"
Add component (AddParameter): Name = "RS Part Number"; Value = "8233700P"; VariantName = "[No Variations]"
Add component (AddParameter): Name = "RS Price/Stock"; Value = "http://uk.rs-online.com/web/p/products/8233700P"; VariantName = "[No Variations]"
Added Component: Designator=IC3(SOT95P280X145-5N)
Add component (AddParameter): Name = "Arrow Part Number"; Value = "LM2731XMF/NOPB"; VariantName = "[No Variations]"
Add component (AddParameter): Name = "Arrow Price/Stock"; Value = "https://www.arrow.com/en/products/lm2731xmfnopb/texas-instruments"; VariantName = "[No Variations]"
Add component (AddParameter): Name = "Datasheet Link"; Value = "http://www.ti.com/lit/ds/symlink/lm2731.pdf"; VariantName = "[No Variations]"
Add component (AddParameter): Name = "Height"; Value = "1.45mm"; VariantName = "[No Variations]"
Add component (AddParameter): Name = "Manufacturer_Name"; Value = "Texas Instruments"; VariantName = "[No Variations]"
Add component (AddParameter): Name = "Manufacturer_Part_Number"; Value = "LM2731XMF/NOPB"; VariantName = "[No Variations]"
Add component (AddParameter): Name = "Mouser Part Number"; Value = "926-LM2731XMF/NOPB"; VariantName = "[No Variations]"
Add component (AddParameter): Name = "Mouser Price/Stock"; Value = "https://www.mouser.co.uk/ProductDetail/Texas-Instruments/LM2731XMF-NOPB?qs=X1J7HmVL2ZH57kOOlof8Rg%3D%3D"; VariantName = "[No Variations]"
Added Component: Designator=J1(USB MICRO)
Add component (AddParameter): Name = "Category"; Value = "Connectors, Interconnects"; VariantName = "[No Variations]"
Add component (AddParameter): Name = "ComponentLink1Description"; Value = "http://portal.fciconnect.com/Comergent//fci/drawing/10118194.pdf"; VariantName = "[No Variations]"
Add component (AddParameter): Name = "ComponentLink1URL"; Value = "http://portal.fciconnect.com/Comergent//fci/drawing/10118194.pdf"; VariantName = "[No Variations]"
Add component (AddParameter): Name = "Connector Type"; Value = "USB - micro B"; VariantName = "[No Variations]"
Add component (AddParameter): Name = "Features"; Value = "Shielded, Solder Retention"; VariantName = "[No Variations]"
Add component (AddParameter): Name = "Gender"; Value = "Receptacle"; VariantName = "[No Variations]"
Add component (AddParameter): Name = "Ingress Protection"; Value = "-"; VariantName = "[No Variations]"
Add component (AddParameter): Name = "Manufacturer"; Value = "FCI"; VariantName = "[No Variations]"
Add component (AddParameter): Name = "Manufacturer Part Number"; Value = "10118194-0001LF"; VariantName = "[No Variations]"
Add component (AddParameter): Name = "Mounting Type"; Value = "Surface Mount, Right Angle, Horizontal"; VariantName = "[No Variations]"
Add component (AddParameter): Name = "Number of Contacts"; Value = "5"; VariantName = "[No Variations]"
Add component (AddParameter): Name = "Packaging"; Value = "Cut Tape (CT)"; VariantName = "[No Variations]"
Add component (AddParameter): Name = "Pricing 1"; Value = "1=0.46, 10=0.433, 25=0.3712, 50=0.3156, 100=0.3032, 250=0.27224, 500=0.25988 (USD)"; VariantName = "[No Variations]"
Add component (AddParameter): Name = "RoHS"; Value = "RoHS Compliant"; VariantName = "[No Variations]"
Add component (AddParameter): Name = "Specifications"; Value = "USB 2.0"; VariantName = "[No Variations]"
Add component (AddParameter): Name = "Stock 1"; Value = "9139"; VariantName = "[No Variations]"
Add component (AddParameter): Name = "Supplier 1"; Value = "Digi-Key"; VariantName = "[No Variations]"
Add component (AddParameter): Name = "Supplier Part Number 1"; Value = "609-4618-1-ND"; VariantName = "[No Variations]"
Added Component: Designator=L1(VLS3015)
Add component (AddParameter): Name = "Arrow Part Number"; Value = ""; VariantName = "[No Variations]"
Add component (AddParameter): Name = "Arrow Price/Stock"; Value = ""; VariantName = "[No Variations]"
Add component (AddParameter): Name = "Datasheet Link"; Value = "https://product.tdk.com/system/files/dam/doc/product/inductor/inductor/smd/catalog/inductor_commercial_power_vls3015cx-1_en.pdf"; VariantName = "[No Variations]"
Add component (AddParameter): Name = "Manufacturer_Name"; Value = "TDK"; VariantName = "[No Variations]"
Add component (AddParameter): Name = "Manufacturer_Part_Number"; Value = "VLS3015CX-6R8M-1"; VariantName = "[No Variations]"
Add component (AddParameter): Name = "Mouser Part Number"; Value = "810-VLS3015CX6R8M1"; VariantName = "[No Variations]"
Add component (AddParameter): Name = "Mouser Price/Stock"; Value = "https://www.mouser.co.uk/ProductDetail/TDK/VLS3015CX-6R8M-1?qs=vmHwEFxEFR%252BS4khwfBFH0w%3D%3D"; VariantName = "[No Variations]"
Added Component: Designator=LED5(WS2812B-MIRROR)
Add component (AddParameter): Name = "BOM_Manufacturer"; Value = ""; VariantName = "[No Variations]"
Add component (AddParameter): Name = "BOM_Manufacturer Part"; Value = ""; VariantName = "[No Variations]"
Add component (AddParameter): Name = "BOM_Supplier"; Value = ""; VariantName = "[No Variations]"
Add component (AddParameter): Name = "BOM_Supplier Part"; Value = ""; VariantName = "[No Variations]"
Add component (AddParameter): Name = "Contributor"; Value = "ridgy"; VariantName = "[No Variations]"
Add component (AddParameter): Name = "link"; Value = ""; VariantName = "[No Variations]"
Add component (AddParameter): Name = "spicePre"; Value = "L"; VariantName = "[No Variations]"
Add component (AddParameter): Name = "spiceSymbolName"; Value = "WS2812B"; VariantName = "[No Variations]"
Added Component: Designator=LED6(WS2812B-MIRROR)
Add component (AddParameter): Name = "BOM_Manufacturer"; Value = ""; VariantName = "[No Variations]"
Add component (AddParameter): Name = "BOM_Manufacturer Part"; Value = ""; VariantName = "[No Variations]"
Add component (AddParameter): Name = "BOM_Supplier"; Value = ""; VariantName = "[No Variations]"
Add component (AddParameter): Name = "BOM_Supplier Part"; Value = ""; VariantName = "[No Variations]"
Add component (AddParameter): Name = "Contributor"; Value = "ridgy"; VariantName = "[No Variations]"
Add component (AddParameter): Name = "link"; Value = ""; VariantName = "[No Variations]"
Add component (AddParameter): Name = "spicePre"; Value = "L"; VariantName = "[No Variations]"
Add component (AddParameter): Name = "spiceSymbolName"; Value = "WS2812B"; VariantName = "[No Variations]"
Added Component: Designator=R8(R0603_L)
Add component (AddParameter): Name = "Value"; Value = "1K"; VariantName = "[No Variations]"
Added Component: Designator=R9(R0603_L)
Add component (AddParameter): Name = "Value"; Value = "10K"; VariantName = "[No Variations]"
Added Component: Designator=R10(R0603_L)
Add component (AddParameter): Name = "Value"; Value = "1.5k"; VariantName = "[No Variations]"
Added Component: Designator=R11(R0603_N)
Add component (AddParameter): Name = "Value"; Value = "13.3K"; VariantName = "[No Variations]"
Added Component: Designator=R12(R0603_N)
Add component (AddParameter): Name = "Value"; Value = "40.5k"; VariantName = "[No Variations]"
Added Component: Designator=R13(R0603_N)
Add component (AddParameter): Name = "Value"; Value = "51K"; VariantName = "[No Variations]"
Added Component: Designator=U1(SOT-223_M)
Add component (AddParameter): Name = "Base Part Number"; Value = "NCP1117ST33"; VariantName = "[No Variations]"
Add component (AddParameter): Name = "Category"; Value = "Integrated Circuits (ICs)"; VariantName = "[No Variations]"
Add component (AddParameter): Name = "ComponentLink1Description"; Value = "http://www.onsemi.com/pub/Collateral/NCP1117-D.PDF"; VariantName = "[No Variations]"
Add component (AddParameter): Name = "ComponentLink1URL"; Value = "http://www.onsemi.com/pub/Collateral/NCP1117-D.PDF"; VariantName = "[No Variations]"
Add component (AddParameter): Name = "Control Features"; Value = "-"; VariantName = "[No Variations]"
Add component (AddParameter): Name = "Current - Output"; Value = "1A"; VariantName = "[No Variations]"
Add component (AddParameter): Name = "Manufacturer"; Value = "ON Semiconductor"; VariantName = "[No Variations]"
Add component (AddParameter): Name = "Manufacturer Part Number"; Value = "NCP1117ST33T3G"; VariantName = "[No Variations]"
Add component (AddParameter): Name = "Mounting Type"; Value = "Surface Mount"; VariantName = "[No Variations]"
Add component (AddParameter): Name = "Operating Temperature"; Value = "0°C ~ 125°C"; VariantName = "[No Variations]"
Add component (AddParameter): Name = "Output Configuration"; Value = "Positive"; VariantName = "[No Variations]"
Add component (AddParameter): Name = "Output Type"; Value = "Fixed"; VariantName = "[No Variations]"
Add component (AddParameter): Name = "Package / Case"; Value = "TO-261-4, TO-261AA"; VariantName = "[No Variations]"
Add component (AddParameter): Name = "Packaging"; Value = "Cut Tape (CT)"; VariantName = "[No Variations]"
Add component (AddParameter): Name = "Part Status"; Value = "Active"; VariantName = "[No Variations]"
Add component (AddParameter): Name = "Pricing 1"; Value = "1=0.52, 10=0.444, 100=0.3315, 500=0.26048, 1000=0.20129 (USD)"; VariantName = "[No Variations]"
Add component (AddParameter): Name = "Protection Features"; Value = "Over Current, Over Temperature"; VariantName = "[No Variations]"
Add component (AddParameter): Name = "PSRR"; Value = "64dB (120Hz)"; VariantName = "[No Variations]"
Add component (AddParameter): Name = "RoHS"; Value = "RoHS Compliant"; VariantName = "[No Variations]"
Add component (AddParameter): Name = "Stock 1"; Value = "49501"; VariantName = "[No Variations]"
Add component (AddParameter): Name = "Supplier 1"; Value = "Digi-Key"; VariantName = "[No Variations]"
Add component (AddParameter): Name = "Supplier Device Package"; Value = "SOT-223"; VariantName = "[No Variations]"
Add component (AddParameter): Name = "Supplier Part Number 1"; Value = "NCP1117ST33T3GOSCT-ND"; VariantName = "[No Variations]"
Add component (AddParameter): Name = "Voltage - Input (Max)"; Value = "20V"; VariantName = "[No Variations]"
Add component (AddParameter): Name = "Voltage - Output (Max)"; Value = "-"; VariantName = "[No Variations]"
Add component (AddParameter): Name = "Voltage - Output (Min/Fixed)"; Value = "3.3V"; VariantName = "[No Variations]"
Add component (AddParameter): Name = "Voltage Dropout (Max)"; Value = "1.2V @ 800mA"; VariantName = "[No Variations]"
Added Pin To Net: NetName=GND Pin=C5-1
Added Pin To Net: NetName=GND Pin=C6-1
Added Pin To Net: NetName=3V3 Pin=C6-2
Added Pin To Net: NetName=3V3 Pin=C7-1
Added Pin To Net: NetName=GND Pin=C7-2
Added Pin To Net: NetName=GND Pin=C8-2
Added Pin To Net: NetName=GND Pin=C10-1
Added Pin To Net: NetName=GND Pin=C11-1
Added Pin To Net: NetName=GND Pin=IC2-5
Added Pin To Net: NetName=GND Pin=IC3-2
Added Pin To Net: NetName=GND Pin=J1-5
Added Pin To Net: NetName=GND Pin=J1-shd
Added Pin To Net: NetName=GND Pin=J1-shd
Added Pin To Net: NetName=GND Pin=J1-shd
Added Pin To Net: NetName=GND Pin=J1-shd
Added Pin To Net: NetName=GND Pin=J1-shd
Added Pin To Net: NetName=GND Pin=J1-shd
Added Pin To Net: NetName=VCC Pin=LED5-1
Added Pin To Net: NetName=GND Pin=LED5-3
Added Pin To Net: NetName=VCC Pin=LED6-1
Added Pin To Net: NetName=GND Pin=LED6-3
Added Pin To Net: NetName=GND Pin=R8-1
Added Pin To Net: NetName=GND Pin=R9-1
Added Pin To Net: NetName=GND Pin=R11-1
Added Pin To Net: NetName=GND Pin=U1-1
Added Pin To Net: NetName=3V3 Pin=U1-2
Added Pin To Net: NetName=3V3 Pin=U1-4
Added Pin To Net: NetName=5V Pin=C8-1
Added Pin To Net: NetName=5V Pin=C9-1
Added Pin To Net: NetName=5V Pin=C11-2
Added Pin To Net: NetName=5V Pin=D6-1
Added Pin To Net: NetName=5V Pin=R12-2
Added Pin To Net: NetName=5V Pin=U1-3
Added Net: Name=5V
Added Pin To Net: NetName=NetC9_2 Pin=C9-2
Added Pin To Net: NetName=NetC9_2 Pin=IC3-3
Added Pin To Net: NetName=NetC9_2 Pin=R11-2
Added Pin To Net: NetName=NetC9_2 Pin=R12-1
Added Net: Name=NetC9_2
Added Pin To Net: NetName=NetD5_1 Pin=D5-1
Added Pin To Net: NetName=NetD5_1 Pin=R10-2
Added Net: Name=NetD5_1
Added Pin To Net: NetName=NetD6_2 Pin=D6-2
Added Pin To Net: NetName=NetD6_2 Pin=IC3-1
Added Pin To Net: NetName=NetD6_2 Pin=L1-2
Added Net: Name=NetD6_2
Added Pin To Net: NetName=NetIC2_6 Pin=IC2-6
Added Pin To Net: NetName=NetIC2_6 Pin=R8-2
Added Net: Name=NetIC2_6
Added Pin To Net: NetName=NetIC2_8 Pin=IC2-8
Added Pin To Net: NetName=NetIC2_8 Pin=R9-2
Added Net: Name=NetIC2_8
Added Pin To Net: NetName=NetIC3_4 Pin=IC3-4
Added Pin To Net: NetName=NetIC3_4 Pin=R13-1
Added Net: Name=NetIC3_4
Added Pin To Net: NetName=NetLED4_2 Pin=LED4-2
Added Pin To Net: NetName=NetLED4_2 Pin=LED6-4
Added Net: Name=NetLED4_2
Added Pin To Net: NetName=NetLED5_4 Pin=LED5-4
Added Pin To Net: NetName=NetLED5_4 Pin=LED6-2
Added Net: Name=NetLED5_4
Added Pin To Net: NetName=STAT1 Pin=IC2-3
Added Pin To Net: NetName=STAT1 Pin=R10-1
Added Net: Name=STAT1
Added Pin To Net: NetName=VBAT Pin=C5-2
Added Pin To Net: NetName=VBAT Pin=C10-2
Added Pin To Net: NetName=VBAT Pin=IC2-9
Added Pin To Net: NetName=VBAT Pin=IC2-10
Added Pin To Net: NetName=VBAT Pin=IC3-5
Added Pin To Net: NetName=VBAT Pin=L1-1
Added Pin To Net: NetName=VBAT Pin=R13-2
Added Net: Name=VBAT
Added Pin To Net: NetName=VUSB Pin=D5-2
Added Pin To Net: NetName=VUSB Pin=IC2-1
Added Pin To Net: NetName=VUSB Pin=IC2-2
Added Pin To Net: NetName=VUSB Pin=J1-1
Added Net: Name=VUSB
Added Member To Class: ClassName=Main Member=Component C5 10uF
Added Member To Class: ClassName=Main Member=Component C6 22uF/10V
Added Member To Class: ClassName=Main Member=Component C7 100uF
Added Member To Class: ClassName=Main Member=Component C8 10uF
Added Member To Class: ClassName=Main Member=Component C9 470pF
Added Member To Class: ClassName=Main Member=Component C10 2.2uF
Added Member To Class: ClassName=Main Member=Component C11 22uF
Added Member To Class: ClassName=Main Member=Component D5 Yellow
Added Member To Class: ClassName=Main Member=Component D6 MBR130T3G
Added Member To Class: ClassName=Main Member=Component IC2 MCP73833-BZI_UN
Added Member To Class: ClassName=Main Member=Component IC3 LM2731XMF_NOPB
Added Member To Class: ClassName=Main Member=Component J1 MICRO_USB
Added Member To Class: ClassName=Main Member=Component L1 VLS3015CX-6R8M-1
Added Member To Class: ClassName=Main Member=Component LED5 WS2812B
Added Member To Class: ClassName=Main Member=Component LED6 WS2812B
Added Member To Class: ClassName=Main Member=Component R8 1K
Added Member To Class: ClassName=Main Member=Component R9 10K
Added Member To Class: ClassName=Main Member=Component R10 1.5k
Added Member To Class: ClassName=Main Member=Component R11 13.3K
Added Member To Class: ClassName=Main Member=Component R12 40.5k
Added Member To Class: ClassName=Main Member=Component R13 51K
Added Member To Class: ClassName=Main Member=Component U1 NCP1117ST33T3G
Added Room: Name=Main
