Removed Pin From Net: NetName=VCC Pin=P1-1
Removed Pin From Net: NetName=SCL Pin=P1-2
Removed Pin From Net: NetName=SDA Pin=P1-4
Removed Pin From Net: NetName=row 2 Pin=P1-6
Removed Pin From Net: NetName=LEDS Pin=P1-7
Removed Pin From Net: NetName=col 3 Pin=P1-8
Removed Pin From Net: NetName=row 1 Pin=P1-9
Removed Pin From Net: NetName=row 0 Pin=P1-10
Removed Pin From Net: NetName=col 2 Pin=P1-12
Removed Pin From Net: NetName=col 0 Pin=P1-13
Removed Pin From Net: NetName=GND Pin=P2-1
Removed Pin From Net: NetName=row 3 Pin=P2-2
Removed Pin From Net: NetName=col 1 Pin=P2-3
Removed Pin From Net: NetName=encoder S1 Pin=P2-4
Removed Pin From Net: NetName=encoder B2 Pin=P2-5
Removed Pin From Net: NetName=encoder A2 Pin=P2-6
Removed Pin From Net: NetName=encoder B1 Pin=P2-7
Removed Pin From Net: NetName=encoder A1 Pin=P2-8
Removed Pin From Net: NetName=Battery lvl Pin=P2-9
Removed Pin From Net: NetName=encoder S2 Pin=P2-10
Removed Pin From Net: NetName=VCC Pin=R1-1
Removed Pin From Net: NetName=encoder B1 Pin=R1-2
Removed Pin From Net: NetName=VCC Pin=R2-1
Removed Pin From Net: NetName=encoder A1 Pin=R2-2
Removed Pin From Net: NetName=VCC Pin=R7-1
Removed Pin From Net: NetName=encoder A2 Pin=R7-2
Removed Pin From Net: NetName=VCC Pin=R8-1
Removed Pin From Net: NetName=encoder B2 Pin=R8-2
Removed Pin From Net: NetName=row 0 Pin=U1-0
Removed Pin From Net: NetName=VCC Pin=U1-3V3
Removed Pin From Net: NetName=row 1 Pin=U1-4
Removed Pin From Net: NetName=row 2 Pin=U1-5
Removed Pin From Net: NetName=row 3 Pin=U1-12
Removed Pin From Net: NetName=col 0 Pin=U1-13
Removed Pin From Net: NetName=col 1 Pin=U1-14
Removed Pin From Net: NetName=col 2 Pin=U1-15
Removed Pin From Net: NetName=col 3 Pin=U1-16
Removed Pin From Net: NetName=LEDS Pin=U1-17
Removed Pin From Net: NetName=SCL Pin=U1-22
Removed Pin From Net: NetName=SDA Pin=U1-23
Removed Pin From Net: NetName=encoder A2 Pin=U1-25
Removed Pin From Net: NetName=encoder B2 Pin=U1-26
Removed Pin From Net: NetName=encoder S1 Pin=U1-27
Removed Pin From Net: NetName=encoder A1 Pin=U1-32
Removed Pin From Net: NetName=encoder B1 Pin=U1-33
Removed Pin From Net: NetName=encoder S2 Pin=U1-34
Removed Pin From Net: NetName=Battery lvl Pin=U1-35
Removed Pin From Net: NetName=GND Pin=U1-GND
Removed Member From Class: ClassName=sch_mk32_dsd_2022-03-23 Member=P2
Removed Member From Class: ClassName=sch_mk32_dsd_2022-03-23 Member=R8
Removed Member From Class: ClassName=sch_mk32_dsd_2022-03-23 Member=U1
Change Component Footprint: Designator=P1 Old Footprint=HDR-13X1/2.54 New Footprint=HDR1X5
Change Component Footprint: Designator=R1 Old Footprint=R03 New Footprint=R0603_N
Change Component Footprint: Designator=R2 Old Footprint=R03 New Footprint=R0603_N
Change Component Footprint: Designator=R7 Old Footprint=R03 New Footprint=R0603_N
Change Component Comment : Designator=P1 Old Comment=Header-Female-2.54_1x13 New Comment=Header 5
Change component parameters: Designator = "R1" ("R1"); Footprint = "R03"; UniqueID = "\VBMGEODH" ("\VBMGEODH")
Change component parameters (AddParameter): Name = "Value"; Value = "10K"; VariantName = "[No Variations]"
Change component parameters: Designator = "R2" ("R2"); Footprint = "R03"; UniqueID = "\PYMHUUMP" ("\PYMHUUMP")
Change component parameters (AddParameter): Name = "Value"; Value = "10K"; VariantName = "[No Variations]"
Change component parameters: Designator = "R7" ("R7"); Footprint = "R03"; UniqueID = "\LAQFECAU" ("\LAQFECAU")
Change component parameters (AddParameter): Name = "Value"; Value = "10K"; VariantName = "[No Variations]"
Change component parameters: Designator = "P1" ("P1"); Footprint = "HDR-13X1/2.54"; UniqueID = "\IFFCQBGJ" ("\IFFCQBGJ")
Change component parameters (AddParameter): Name = "LatestRevisionDate"; Value = "17-Jul-2002"; VariantName = "[No Variations]"
Change component parameters (AddParameter): Name = "LatestRevisionNote"; Value = "Re-released for DXP Platform."; VariantName = "[No Variations]"
Change component parameters (AddParameter): Name = "Publisher"; Value = "Altium Limited"; VariantName = "[No Variations]"
Added Component: Designator=C1(C0805_N)
Add component (AddParameter): Name = "Value"; Value = "10uF"; VariantName = "[No Variations]"
Added Component: Designator=C2(C0603_N)
Add component (AddParameter): Name = "Value"; Value = "1uF"; VariantName = "[No Variations]"
Added Component: Designator=C3(C0603_N)
Add component (AddParameter): Name = "Value"; Value = "0.1uF"; VariantName = "[No Variations]"
Added Component: Designator=C4(C0603_N)
Add component (AddParameter): Name = "Value"; Value = "0.1uF"; VariantName = "[No Variations]"
Added Component: Designator=R4(R0603_N)
Add component (AddParameter): Name = "Value"; Value = "10K"; VariantName = "[No Variations]"
Added Component: Designator=R5(R0603_N)
Add component (AddParameter): Name = "Value"; Value = "10K"; VariantName = "[No Variations]"
Added Pin To Net: NetName=GND Pin=C1-1
Added Pin To Net: NetName=GND Pin=C2-1
Added Pin To Net: NetName=GND Pin=C3-1
Added Pin To Net: NetName=GND Pin=C4-1
Added Pin To Net: NetName=GND Pin=P1-5
Added Pin To Net: NetName=encoder B1 Pin=R1-1
Added Pin To Net: NetName=encoder A1 Pin=R2-1
Added Pin To Net: NetName=VCC Pin=R2-2
Added Pin To Net: NetName=encoder A2 Pin=R5-1
Added Pin To Net: NetName=VCC Pin=R5-2
Added Pin To Net: NetName=encoder B2 Pin=R7-1
Added Pin To Net: NetName=VCC Pin=R7-2
Added Pin To Net: NetName=3V3 Pin=C1-2
Added Pin To Net: NetName=3V3 Pin=C2-2
Added Pin To Net: NetName=3V3 Pin=C3-2
Added Pin To Net: NetName=3V3 Pin=R4-2
Added Net: Name=3V3
Added Pin To Net: NetName=EN Pin=C4-2
Added Pin To Net: NetName=EN Pin=P1-1
Added Pin To Net: NetName=EN Pin=R4-1
Added Net: Name=EN
Added Pin To Net: NetName=IO0 Pin=P1-4
Added Net: Name=IO0
Added Net: Name=IO2
Added Net: Name=IO18
Added Net: Name=IO19
Added Net: Name=IO23
Added Net: Name=IO34
Added Pin To Net: NetName=RX Pin=P1-2
Added Net: Name=RX
Added Pin To Net: NetName=TX Pin=P1-3
Added Net: Name=TX
Change Class Name : Old Net Name=sch_mk32_dsd_2022-03-23 New Net Name=Main
Added Member To Class: ClassName=Main Member=Component C1 10uF
Added Member To Class: ClassName=Main Member=Component C2 1uF
Added Member To Class: ClassName=Main Member=Component C3 0.1uF
Added Member To Class: ClassName=Main Member=Component C4 0.1uF
Added Member To Class: ClassName=Main Member=Component R4 10K
Added Member To Class: ClassName=Main Member=Component R5 10K
