Added Component: Designator=IC4(QFN50P500X500X80-29N-D)
Add component (AddParameter): Name = "Arrow Part Number"; Value = "CP2102N-A02-GQFN28R"; VariantName = "[No Variations]"
Add component (AddParameter): Name = "Arrow Price/Stock"; Value = "https://www.arrow.com/en/products/cp2102n-a02-gqfn28r/silicon-labs"; VariantName = "[No Variations]"
Add component (AddParameter): Name = "Datasheet Link"; Value = "https://www.silabs.com/documents/public/data-sheets/cp2102n-datasheet.pdf"; VariantName = "[No Variations]"
Add component (AddParameter): Name = "Height"; Value = "0.8mm"; VariantName = "[No Variations]"
Add component (AddParameter): Name = "Manufacturer_Name"; Value = "Silicon Labs"; VariantName = "[No Variations]"
Add component (AddParameter): Name = "Manufacturer_Part_Number"; Value = "CP2102N-A02-GQFN28R"; VariantName = "[No Variations]"
Add component (AddParameter): Name = "Mouser Part Number"; Value = "634-CP2102NA02QFN28R"; VariantName = "[No Variations]"
Add component (AddParameter): Name = "Mouser Price/Stock"; Value = "https://www.mouser.co.uk/ProductDetail/Silicon-Labs/CP2102N-A02-GQFN28R?qs=u16ybLDytRag4qKvSH3fTw%3D%3D"; VariantName = "[No Variations]"
Added Pin To Net: NetName=GND Pin=IC4-3
Added Pin To Net: NetName=D+ Pin=IC4-4
Added Pin To Net: NetName=D- Pin=IC4-5
Added Pin To Net: NetName=5V Pin=IC4-6
Added Pin To Net: NetName=5V Pin=IC4-7
Added Pin To Net: NetName=NetIC4_8 Pin=IC4-8
Added Pin To Net: NetName=NetIC4_9 Pin=IC4-9
Added Pin To Net: NetName=NetIC4_11 Pin=IC4-11
Added Pin To Net: NetName=CTS Pin=IC4-24
Added Pin To Net: NetName=TX Pin=IC4-25
Added Pin To Net: NetName=RX Pin=IC4-26
Added Pin To Net: NetName=DTR Pin=IC4-28
Added Pin To Net: NetName=GND Pin=IC4-29
Added Member To Class: ClassName=Main Member=Component IC4 CP2102N-A02-GQFN28R
